<?xml version="1.0" encoding="UTF-8"?>
<!-- Generated by org.testng.reporters.JUnitReportReporter -->
<testsuite skipped="0" hostname="DESKTOP-8V7J4DD" name="com.guru99.testCases.NewCustomerTest" tests="5" failures="0" timestamp="2021-09-13T10:05:07 EDT" time="16.239" errors="0">
  <testcase name="getTitle" time="0.024" classname="com.guru99.testCases.NewCustomerTest"/>
  <system-out/>
  <testcase name="testCustomerCreationPage" time="3.926" classname="com.guru99.testCases.NewCustomerTest"/>
  <system-out/>
  <testcase name="testCustomerCreationPage" time="3.973" classname="com.guru99.testCases.NewCustomerTest"/>
  <system-out/>
  <testcase name="testCustomerCreationPage" time="4.276" classname="com.guru99.testCases.NewCustomerTest"/>
  <system-out/>
  <testcase name="testCustomerCreationPage" time="4.040" classname="com.guru99.testCases.NewCustomerTest"/>
  <system-out/>
</testsuite> <!-- com.guru99.testCases.NewCustomerTest -->
