<?xml version="1.0" encoding="UTF-8"?>
<!-- Generated by org.testng.reporters.JUnitReportReporter -->
<testsuite skipped="0" hostname="DESKTOP-8V7J4DD" name="com.guru99.testCases.LoginPageTest" tests="3" failures="0" timestamp="2021-09-13T09:07:35 EDT" time="1.340" errors="0">
  <testcase name="verifyLoginPageTitle" time="0.017" classname="com.guru99.testCases.LoginPageTest"/>
  <system-out/>
  <testcase name="verifyLoginPageURL" time="0.013" classname="com.guru99.testCases.LoginPageTest"/>
  <system-out/>
  <testcase name="VerifyLogin" time="1.310" classname="com.guru99.testCases.LoginPageTest"/>
  <system-out/>
</testsuite> <!-- com.guru99.testCases.LoginPageTest -->
