<?xml version="1.0" encoding="UTF-8"?>
<!-- Generated by org.testng.reporters.JUnitReportReporter -->
<testsuite skipped="0" hostname="DESKTOP-8V7J4DD" name="com.guru99.testCases.HomePageTest" tests="3" failures="0" timestamp="2021-09-13T09:07:35 EDT" time="0.235" errors="0">
  <testcase name="verifyHomePageHeader" time="0.110" classname="com.guru99.testCases.HomePageTest"/>
  <system-out/>
  <testcase name="verifyHomePageTitle" time="0.039" classname="com.guru99.testCases.HomePageTest"/>
  <system-out/>
  <testcase name="verifyManagerId" time="0.086" classname="com.guru99.testCases.HomePageTest"/>
  <system-out/>
</testsuite> <!-- com.guru99.testCases.HomePageTest -->
